\BOOKMARK [0][-]{chapter.1}{\376\377\0001\000\040\000C\000l\000a\000s\000s\000\040\000I\000n\000d\000e\000x}{}% 1
\BOOKMARK [1][-]{section.1.1}{\376\377\0001\000.\0001\000\040\000C\000l\000a\000s\000s\000\040\000L\000i\000s\000t}{chapter.1}% 2
\BOOKMARK [0][-]{chapter.2}{\376\377\0002\000\040\000C\000l\000a\000s\000s\000\040\000D\000o\000c\000u\000m\000e\000n\000t\000a\000t\000i\000o\000n}{}% 3
\BOOKMARK [1][-]{section.2.1}{\376\377\0002\000.\0001\000\040\000c\000h\000i\000l\000d\000\040\000S\000t\000r\000u\000c\000t\000\040\000R\000e\000f\000e\000r\000e\000n\000c\000e}{chapter.2}% 4
\BOOKMARK [2][-]{subsection.2.1.1}{\376\377\0002\000.\0001\000.\0001\000\040\000D\000e\000t\000a\000i\000l\000e\000d\000\040\000D\000e\000s\000c\000r\000i\000p\000t\000i\000o\000n}{section.2.1}% 5
\BOOKMARK [1][-]{section.2.2}{\376\377\0002\000.\0002\000\040\000n\000o\000d\000e\000\040\000S\000t\000r\000u\000c\000t\000\040\000R\000e\000f\000e\000r\000e\000n\000c\000e}{chapter.2}% 6
\BOOKMARK [1][-]{section.2.3}{\376\377\0002\000.\0003\000\040\000n\000o\000d\000e\000\137\000p\000o\000n\000t\000e\000i\000r\000o\000\040\000S\000t\000r\000u\000c\000t\000\040\000R\000e\000f\000e\000r\000e\000n\000c\000e}{chapter.2}% 7
\BOOKMARK [2][-]{subsection.2.3.1}{\376\377\0002\000.\0003\000.\0001\000\040\000D\000e\000t\000a\000i\000l\000e\000d\000\040\000D\000e\000s\000c\000r\000i\000p\000t\000i\000o\000n}{section.2.3}% 8
\BOOKMARK [1][-]{section.2.4}{\376\377\0002\000.\0004\000\040\000O\000p\000c\000a\000o\000\040\000C\000l\000a\000s\000s\000\040\000R\000e\000f\000e\000r\000e\000n\000c\000e}{chapter.2}% 9
\BOOKMARK [2][-]{subsection.2.4.1}{\376\377\0002\000.\0004\000.\0001\000\040\000D\000e\000t\000a\000i\000l\000e\000d\000\040\000D\000e\000s\000c\000r\000i\000p\000t\000i\000o\000n}{section.2.4}% 10
\BOOKMARK [1][-]{section.2.5}{\376\377\0002\000.\0005\000\040\000T\000i\000p\000o\000F\000r\000a\000s\000e\000\040\000C\000l\000a\000s\000s\000\040\000R\000e\000f\000e\000r\000e\000n\000c\000e}{chapter.2}% 11
\BOOKMARK [2][-]{subsection.2.5.1}{\376\377\0002\000.\0005\000.\0001\000\040\000D\000e\000t\000a\000i\000l\000e\000d\000\040\000D\000e\000s\000c\000r\000i\000p\000t\000i\000o\000n}{section.2.5}% 12
\BOOKMARK [1][-]{section.2.6}{\376\377\0002\000.\0006\000\040\000t\000r\000e\000e\000\040\000C\000l\000a\000s\000s\000\040\000R\000e\000f\000e\000r\000e\000n\000c\000e}{chapter.2}% 13
\BOOKMARK [2][-]{subsection.2.6.1}{\376\377\0002\000.\0006\000.\0001\000\040\000D\000e\000t\000a\000i\000l\000e\000d\000\040\000D\000e\000s\000c\000r\000i\000p\000t\000i\000o\000n}{section.2.6}% 14
\BOOKMARK [2][-]{subsection.2.6.2}{\376\377\0002\000.\0006\000.\0002\000\040\000C\000o\000n\000s\000t\000r\000u\000c\000t\000o\000r\000\040\000\046\000\040\000D\000e\000s\000t\000r\000u\000c\000t\000o\000r\000\040\000D\000o\000c\000u\000m\000e\000n\000t\000a\000t\000i\000o\000n}{section.2.6}% 15
\BOOKMARK [3][-]{subsubsection.2.6.2.1}{\376\377\0002\000.\0006\000.\0002\000.\0001\000\040\000t\000r\000e\000e\000\050\000\051}{subsection.2.6.2}% 16
\BOOKMARK [3][-]{subsubsection.2.6.2.2}{\376\377\0002\000.\0006\000.\0002\000.\0002\000\040\000\040\000t\000r\000e\000e\000\050\000\051}{subsection.2.6.2}% 17
\BOOKMARK [2][-]{subsection.2.6.3}{\376\377\0002\000.\0006\000.\0003\000\040\000M\000e\000m\000b\000e\000r\000\040\000F\000u\000n\000c\000t\000i\000o\000n\000\040\000D\000o\000c\000u\000m\000e\000n\000t\000a\000t\000i\000o\000n}{section.2.6}% 18
\BOOKMARK [3][-]{subsubsection.2.6.3.1}{\376\377\0002\000.\0006\000.\0003\000.\0001\000\040\000d\000e\000c\000o\000d\000i\000f\000i\000c\000a\000n\000o\000d\000e\000s\000\050\000s\000t\000d\000:\000:\000s\000t\000r\000i\000n\000g\000\040\000i\000n\000d\000e\000n\000t\000r\000a\000d\000a\000,\000\040\000s\000t\000d\000:\000:\000s\000t\000r\000i\000n\000g\000\040\000t\000i\000p\000o\000e\000n\000t\000r\000a\000d\000a\000,\000\040\000s\000t\000d\000:\000:\000s\000t\000r\000i\000n\000g\000\040\000f\000r\000a\000s\000e\000e\000n\000t\000r\000a\000d\000a\000\051}{subsection.2.6.3}% 19
\BOOKMARK [3][-]{subsubsection.2.6.3.2}{\376\377\0002\000.\0006\000.\0003\000.\0002\000\040\000d\000e\000s\000t\000r\000o\000y\000t\000r\000e\000e\000\050\000\051}{subsection.2.6.3}% 20
\BOOKMARK [3][-]{subsubsection.2.6.3.3}{\376\377\0002\000.\0006\000.\0003\000.\0003\000\040\000e\000l\000i\000m\000i\000n\000a\000t\000e\000\050\000O\000p\000c\000a\000o\000\040\000o\000p\000c\000a\000o\000u\000s\000u\000a\000r\000i\000o\000\051}{subsection.2.6.3}% 21
\BOOKMARK [3][-]{subsubsection.2.6.3.4}{\376\377\0002\000.\0006\000.\0003\000.\0004\000\040\000i\000n\000s\000e\000r\000t\000\050\000s\000t\000d\000:\000:\000s\000t\000r\000i\000n\000g\000\040\000f\000r\000a\000s\000e\000e\000n\000t\000r\000a\000d\000a\000,\000\040\000O\000p\000c\000a\000o\000\040\000o\000p\000c\000a\000o\000e\000n\000t\000r\000a\000d\000a\000,\000\040\000T\000i\000p\000o\000F\000r\000a\000s\000e\000\040\000t\000i\000p\000o\000e\000n\000t\000r\000a\000d\000a\000\051}{subsection.2.6.3}% 22
\BOOKMARK [3][-]{subsubsection.2.6.3.5}{\376\377\0002\000.\0006\000.\0003\000.\0005\000\040\000l\000e\000r\000a\000r\000q\000u\000i\000v\000o\000\050\000c\000h\000a\000r\000\040\000*\000n\000o\000m\000e\000a\000r\000q\000u\000i\000v\000o\000\051}{subsection.2.6.3}% 23
\BOOKMARK [3][-]{subsubsection.2.6.3.6}{\376\377\0002\000.\0006\000.\0003\000.\0006\000\040\000p\000r\000e\000o\000r\000d\000e\000r\000p\000r\000i\000n\000t\000i\000n\000g\000\050\000\051}{subsection.2.6.3}% 24
\BOOKMARK [3][-]{subsubsection.2.6.3.7}{\376\377\0002\000.\0006\000.\0003\000.\0007\000\040\000r\000e\000s\000e\000t\000c\000u\000r\000r\000e\000n\000t\000\050\000\051}{subsection.2.6.3}% 25
\BOOKMARK [3][-]{subsubsection.2.6.3.8}{\376\377\0002\000.\0006\000.\0003\000.\0008\000\040\000r\000e\000t\000u\000r\000n\000c\000u\000r\000r\000e\000n\000t\000\050\000\051}{subsection.2.6.3}% 26
\BOOKMARK [3][-]{subsubsection.2.6.3.9}{\376\377\0002\000.\0006\000.\0003\000.\0009\000\040\000r\000e\000t\000u\000r\000n\000r\000o\000o\000t\000\050\000\051}{subsection.2.6.3}% 27
\BOOKMARK [3][-]{subsubsection.2.6.3.10}{\376\377\0002\000.\0006\000.\0003\000.\0001\0000\000\040\000r\000e\000t\000u\000r\000n\000r\000o\000o\000t\000f\000r\000a\000s\000e\000\050\000\051}{subsection.2.6.3}% 28
\BOOKMARK [3][-]{subsubsection.2.6.3.11}{\376\377\0002\000.\0006\000.\0003\000.\0001\0001\000\040\000s\000a\000v\000e\000g\000a\000m\000e\000\050\000c\000h\000a\000r\000\040\000*\000n\000o\000m\000e\000a\000r\000q\000u\000i\000v\000o\000\051}{subsection.2.6.3}% 29
\BOOKMARK [3][-]{subsubsection.2.6.3.12}{\376\377\0002\000.\0006\000.\0003\000.\0001\0002\000\040\000s\000e\000t\000c\000u\000r\000r\000e\000n\000t\000\050\000i\000n\000t\000\040\000i\000\051}{subsection.2.6.3}% 30
\BOOKMARK [2][-]{subsection.2.6.4}{\376\377\0002\000.\0006\000.\0004\000\040\000M\000e\000m\000b\000e\000r\000\040\000D\000a\000t\000a\000\040\000D\000o\000c\000u\000m\000e\000n\000t\000a\000t\000i\000o\000n}{section.2.6}% 31
\BOOKMARK [3][-]{subsubsection.2.6.4.1}{\376\377\0002\000.\0006\000.\0004\000.\0001\000\040\000c\000u\000r\000r\000e\000n\000t}{subsection.2.6.4}% 32
\BOOKMARK [0][-]{section*.4}{\376\377\000I\000n\000d\000e\000x}{}% 33
